<?xml version="1.0" encoding="UTF-8"?>
<robot generator="Robot 6.1.1 (Python 3.10.12 on linux)" generated="20231120 16:03:03.317" rpa="false" schemaversion="4">
<suite id="s1" name="Register" source="/home/pallen/Documents/git test/palautusrepositorio/viikko3/web-login/src/tests/register.robot">
<kw name="Open And Configure Browser" library="resource" type="SETUP">
<kw name="Evaluate" library="BuiltIn">
<var>${options}</var>
<arg>sys.modules['selenium.webdriver'].ChromeOptions()</arg>
<arg>sys</arg>
<doc>Evaluates the given expression in Python and returns the result.</doc>
<msg timestamp="20231120 16:03:03.401" level="INFO">${options} = &lt;selenium.webdriver.chrome.options.Options object at 0x7f20e5d20340&gt;</msg>
<status status="PASS" starttime="20231120 16:03:03.401" endtime="20231120 16:03:03.401"/>
</kw>
<kw name="Call Method" library="BuiltIn">
<arg>${options}</arg>
<arg>add_argument</arg>
<arg>--headless</arg>
<doc>Calls the named method of the given object with the provided arguments.</doc>
<status status="PASS" starttime="20231120 16:03:03.401" endtime="20231120 16:03:03.401"/>
</kw>
<kw name="Open Browser" library="SeleniumLibrary">
<arg>browser=chrome</arg>
<arg>options=${options}</arg>
<doc>Opens a new browser instance to the optional ``url``.</doc>
<msg timestamp="20231120 16:03:03.401" level="INFO">Opening browser 'chrome' to base url 'None'.</msg>
<status status="PASS" starttime="20231120 16:03:03.401" endtime="20231120 16:03:04.052"/>
</kw>
<kw name="Set Selenium Speed" library="SeleniumLibrary">
<arg>${DELAY}</arg>
<doc>Sets the delay that is waited after each Selenium command.</doc>
<status status="PASS" starttime="20231120 16:03:04.052" endtime="20231120 16:03:04.053"/>
</kw>
<status status="PASS" starttime="20231120 16:03:03.400" endtime="20231120 16:03:04.053"/>
</kw>
<test id="s1-t1" name="Register With Valid Username And Password" line="9">
<kw name="Create User And Go To Register Page" type="SETUP">
<kw name="Create User" library="AppLibrary">
<arg>kalle</arg>
<arg>kalle123</arg>
<status status="PASS" starttime="20231120 16:03:04.053" endtime="20231120 16:03:04.058"/>
</kw>
<kw name="Go To Register Page" library="resource">
<kw name="Go To" library="SeleniumLibrary">
<arg>${REGISTER_URL}</arg>
<doc>Navigates the current browser window to the provided ``url``.</doc>
<msg timestamp="20231120 16:03:04.058" level="INFO">Opening url 'http://localhost:5001/register'</msg>
<status status="PASS" starttime="20231120 16:03:04.058" endtime="20231120 16:03:04.085"/>
</kw>
<status status="PASS" starttime="20231120 16:03:04.058" endtime="20231120 16:03:04.085"/>
</kw>
<kw name="Register Page Should Be Open" library="resource">
<kw name="Title Should Be" library="SeleniumLibrary">
<arg>Register</arg>
<doc>Verifies that the current page title equals ``title``.</doc>
<msg timestamp="20231120 16:03:04.090" level="INFO">Page title is 'Register'.</msg>
<status status="PASS" starttime="20231120 16:03:04.086" endtime="20231120 16:03:04.090"/>
</kw>
<status status="PASS" starttime="20231120 16:03:04.086" endtime="20231120 16:03:04.090"/>
</kw>
<status status="PASS" starttime="20231120 16:03:04.053" endtime="20231120 16:03:04.090"/>
</kw>
<kw name="Set Username">
<arg>Pavel</arg>
<kw name="Input Text" library="SeleniumLibrary">
<arg>username</arg>
<arg>${username}</arg>
<doc>Types the given ``text`` into the text field identified by ``locator``.</doc>
<msg timestamp="20231120 16:03:04.091" level="INFO">Typing text 'Pavel' into text field 'username'.</msg>
<status status="PASS" starttime="20231120 16:03:04.090" endtime="20231120 16:03:04.162"/>
</kw>
<status status="PASS" starttime="20231120 16:03:04.090" endtime="20231120 16:03:04.162"/>
</kw>
<kw name="Set Password">
<arg>Pavel123</arg>
<kw name="Input Password" library="SeleniumLibrary">
<arg>password</arg>
<arg>${password}</arg>
<doc>Types the given password into the text field identified by ``locator``.</doc>
<msg timestamp="20231120 16:03:04.163" level="INFO">Typing password into text field 'password'.</msg>
<msg timestamp="20231120 16:03:04.181" level="INFO">Temporally setting log level to: NONE</msg>
<msg timestamp="20231120 16:03:04.207" level="INFO">Log level changed from NONE to INFO.</msg>
<status status="PASS" starttime="20231120 16:03:04.163" endtime="20231120 16:03:04.207"/>
</kw>
<status status="PASS" starttime="20231120 16:03:04.163" endtime="20231120 16:03:04.207"/>
</kw>
<kw name="Set Confirmation Password">
<arg>Pavel123</arg>
<kw name="Input Text" library="SeleniumLibrary">
<arg>password_confirmation</arg>
<arg>${password_confirmation}</arg>
<doc>Types the given ``text`` into the text field identified by ``locator``.</doc>
<msg timestamp="20231120 16:03:04.207" level="INFO">Typing text 'Pavel123' into text field 'password_confirmation'.</msg>
<status status="PASS" starttime="20231120 16:03:04.207" endtime="20231120 16:03:04.254"/>
</kw>
<status status="PASS" starttime="20231120 16:03:04.207" endtime="20231120 16:03:04.254"/>
</kw>
<kw name="Submit Credentials">
<kw name="Click Button" library="SeleniumLibrary">
<arg>Register</arg>
<doc>Clicks the button identified by ``locator``.</doc>
<msg timestamp="20231120 16:03:04.255" level="INFO">Clicking button 'Register'.</msg>
<status status="PASS" starttime="20231120 16:03:04.254" endtime="20231120 16:03:04.302"/>
</kw>
<status status="PASS" starttime="20231120 16:03:04.254" endtime="20231120 16:03:04.302"/>
</kw>
<kw name="Register Should Succeed">
<kw name="Welcome Page Should Be Open" library="resource">
<kw name="Title Should Be" library="SeleniumLibrary">
<arg>Welcome to Ohtu Application!</arg>
<doc>Verifies that the current page title equals ``title``.</doc>
<msg timestamp="20231120 16:03:04.305" level="INFO">Page title is 'Welcome to Ohtu Application!'.</msg>
<status status="PASS" starttime="20231120 16:03:04.303" endtime="20231120 16:03:04.305"/>
</kw>
<status status="PASS" starttime="20231120 16:03:04.303" endtime="20231120 16:03:04.305"/>
</kw>
<status status="PASS" starttime="20231120 16:03:04.303" endtime="20231120 16:03:04.305"/>
</kw>
<status status="PASS" starttime="20231120 16:03:04.053" endtime="20231120 16:03:04.305"/>
</test>
<test id="s1-t2" name="Register With Too Short Username And Valid Password" line="16">
<kw name="Create User And Go To Register Page" type="SETUP">
<kw name="Create User" library="AppLibrary">
<arg>kalle</arg>
<arg>kalle123</arg>
<status status="PASS" starttime="20231120 16:03:04.306" endtime="20231120 16:03:04.311"/>
</kw>
<kw name="Go To Register Page" library="resource">
<kw name="Go To" library="SeleniumLibrary">
<arg>${REGISTER_URL}</arg>
<doc>Navigates the current browser window to the provided ``url``.</doc>
<msg timestamp="20231120 16:03:04.311" level="INFO">Opening url 'http://localhost:5001/register'</msg>
<status status="PASS" starttime="20231120 16:03:04.311" endtime="20231120 16:03:04.324"/>
</kw>
<status status="PASS" starttime="20231120 16:03:04.311" endtime="20231120 16:03:04.324"/>
</kw>
<kw name="Register Page Should Be Open" library="resource">
<kw name="Title Should Be" library="SeleniumLibrary">
<arg>Register</arg>
<doc>Verifies that the current page title equals ``title``.</doc>
<msg timestamp="20231120 16:03:04.327" level="INFO">Page title is 'Register'.</msg>
<status status="PASS" starttime="20231120 16:03:04.324" endtime="20231120 16:03:04.327"/>
</kw>
<status status="PASS" starttime="20231120 16:03:04.324" endtime="20231120 16:03:04.327"/>
</kw>
<status status="PASS" starttime="20231120 16:03:04.306" endtime="20231120 16:03:04.327"/>
</kw>
<kw name="Set Username">
<arg>Pa</arg>
<kw name="Input Text" library="SeleniumLibrary">
<arg>username</arg>
<arg>${username}</arg>
<doc>Types the given ``text`` into the text field identified by ``locator``.</doc>
<msg timestamp="20231120 16:03:04.328" level="INFO">Typing text 'Pa' into text field 'username'.</msg>
<status status="PASS" starttime="20231120 16:03:04.327" endtime="20231120 16:03:04.374"/>
</kw>
<status status="PASS" starttime="20231120 16:03:04.327" endtime="20231120 16:03:04.375"/>
</kw>
<kw name="Set Password">
<arg>Pavel123</arg>
<kw name="Input Password" library="SeleniumLibrary">
<arg>password</arg>
<arg>${password}</arg>
<doc>Types the given password into the text field identified by ``locator``.</doc>
<msg timestamp="20231120 16:03:04.375" level="INFO">Typing password into text field 'password'.</msg>
<msg timestamp="20231120 16:03:04.401" level="INFO">Temporally setting log level to: NONE</msg>
<msg timestamp="20231120 16:03:04.422" level="INFO">Log level changed from NONE to INFO.</msg>
<status status="PASS" starttime="20231120 16:03:04.375" endtime="20231120 16:03:04.422"/>
</kw>
<status status="PASS" starttime="20231120 16:03:04.375" endtime="20231120 16:03:04.422"/>
</kw>
<kw name="Set Confirmation Password">
<arg>Pavel123</arg>
<kw name="Input Text" library="SeleniumLibrary">
<arg>password_confirmation</arg>
<arg>${password_confirmation}</arg>
<doc>Types the given ``text`` into the text field identified by ``locator``.</doc>
<msg timestamp="20231120 16:03:04.422" level="INFO">Typing text 'Pavel123' into text field 'password_confirmation'.</msg>
<status status="PASS" starttime="20231120 16:03:04.422" endtime="20231120 16:03:04.470"/>
</kw>
<status status="PASS" starttime="20231120 16:03:04.422" endtime="20231120 16:03:04.470"/>
</kw>
<kw name="Submit Credentials">
<kw name="Click Button" library="SeleniumLibrary">
<arg>Register</arg>
<doc>Clicks the button identified by ``locator``.</doc>
<msg timestamp="20231120 16:03:04.471" level="INFO">Clicking button 'Register'.</msg>
<status status="PASS" starttime="20231120 16:03:04.470" endtime="20231120 16:03:04.506"/>
</kw>
<status status="PASS" starttime="20231120 16:03:04.470" endtime="20231120 16:03:04.506"/>
</kw>
<kw name="Register Should Fail With Message">
<arg>Username too short</arg>
<kw name="Register Page Should Be Open" library="resource">
<kw name="Title Should Be" library="SeleniumLibrary">
<arg>Register</arg>
<doc>Verifies that the current page title equals ``title``.</doc>
<msg timestamp="20231120 16:03:04.509" level="INFO">Page title is 'Register'.</msg>
<status status="PASS" starttime="20231120 16:03:04.507" endtime="20231120 16:03:04.509"/>
</kw>
<status status="PASS" starttime="20231120 16:03:04.507" endtime="20231120 16:03:04.509"/>
</kw>
<kw name="Page Should Contain" library="SeleniumLibrary">
<arg>${message}</arg>
<doc>Verifies that current page contains ``text``.</doc>
<msg timestamp="20231120 16:03:04.518" level="INFO">Current page contains text 'Username too short'.</msg>
<status status="PASS" starttime="20231120 16:03:04.509" endtime="20231120 16:03:04.518"/>
</kw>
<status status="PASS" starttime="20231120 16:03:04.506" endtime="20231120 16:03:04.518"/>
</kw>
<status status="PASS" starttime="20231120 16:03:04.305" endtime="20231120 16:03:04.518"/>
</test>
<test id="s1-t3" name="Register With Valid Username And Invalid Password" line="23">
<kw name="Create User And Go To Register Page" type="SETUP">
<kw name="Create User" library="AppLibrary">
<arg>kalle</arg>
<arg>kalle123</arg>
<status status="PASS" starttime="20231120 16:03:04.519" endtime="20231120 16:03:04.523"/>
</kw>
<kw name="Go To Register Page" library="resource">
<kw name="Go To" library="SeleniumLibrary">
<arg>${REGISTER_URL}</arg>
<doc>Navigates the current browser window to the provided ``url``.</doc>
<msg timestamp="20231120 16:03:04.524" level="INFO">Opening url 'http://localhost:5001/register'</msg>
<status status="PASS" starttime="20231120 16:03:04.524" endtime="20231120 16:03:04.532"/>
</kw>
<status status="PASS" starttime="20231120 16:03:04.523" endtime="20231120 16:03:04.532"/>
</kw>
<kw name="Register Page Should Be Open" library="resource">
<kw name="Title Should Be" library="SeleniumLibrary">
<arg>Register</arg>
<doc>Verifies that the current page title equals ``title``.</doc>
<msg timestamp="20231120 16:03:04.535" level="INFO">Page title is 'Register'.</msg>
<status status="PASS" starttime="20231120 16:03:04.532" endtime="20231120 16:03:04.535"/>
</kw>
<status status="PASS" starttime="20231120 16:03:04.532" endtime="20231120 16:03:04.535"/>
</kw>
<status status="PASS" starttime="20231120 16:03:04.519" endtime="20231120 16:03:04.535"/>
</kw>
<kw name="Set Username">
<arg>Pavel</arg>
<kw name="Input Text" library="SeleniumLibrary">
<arg>username</arg>
<arg>${username}</arg>
<doc>Types the given ``text`` into the text field identified by ``locator``.</doc>
<msg timestamp="20231120 16:03:04.535" level="INFO">Typing text 'Pavel' into text field 'username'.</msg>
<status status="PASS" starttime="20231120 16:03:04.535" endtime="20231120 16:03:04.576"/>
</kw>
<status status="PASS" starttime="20231120 16:03:04.535" endtime="20231120 16:03:04.576"/>
</kw>
<kw name="Set Password">
<arg>Pavel</arg>
<kw name="Input Password" library="SeleniumLibrary">
<arg>password</arg>
<arg>${password}</arg>
<doc>Types the given password into the text field identified by ``locator``.</doc>
<msg timestamp="20231120 16:03:04.577" level="INFO">Typing password into text field 'password'.</msg>
<msg timestamp="20231120 16:03:04.592" level="INFO">Temporally setting log level to: NONE</msg>
<msg timestamp="20231120 16:03:04.616" level="INFO">Log level changed from NONE to INFO.</msg>
<status status="PASS" starttime="20231120 16:03:04.577" endtime="20231120 16:03:04.616"/>
</kw>
<status status="PASS" starttime="20231120 16:03:04.577" endtime="20231120 16:03:04.616"/>
</kw>
<kw name="Set Confirmation Password">
<arg>Pavel</arg>
<kw name="Input Text" library="SeleniumLibrary">
<arg>password_confirmation</arg>
<arg>${password_confirmation}</arg>
<doc>Types the given ``text`` into the text field identified by ``locator``.</doc>
<msg timestamp="20231120 16:03:04.617" level="INFO">Typing text 'Pavel' into text field 'password_confirmation'.</msg>
<status status="PASS" starttime="20231120 16:03:04.616" endtime="20231120 16:03:04.655"/>
</kw>
<status status="PASS" starttime="20231120 16:03:04.616" endtime="20231120 16:03:04.655"/>
</kw>
<kw name="Submit Credentials">
<kw name="Click Button" library="SeleniumLibrary">
<arg>Register</arg>
<doc>Clicks the button identified by ``locator``.</doc>
<msg timestamp="20231120 16:03:04.656" level="INFO">Clicking button 'Register'.</msg>
<status status="PASS" starttime="20231120 16:03:04.656" endtime="20231120 16:03:04.694"/>
</kw>
<status status="PASS" starttime="20231120 16:03:04.655" endtime="20231120 16:03:04.694"/>
</kw>
<kw name="Register Should Fail With Message">
<arg>Invalid Password</arg>
<kw name="Register Page Should Be Open" library="resource">
<kw name="Title Should Be" library="SeleniumLibrary">
<arg>Register</arg>
<doc>Verifies that the current page title equals ``title``.</doc>
<msg timestamp="20231120 16:03:04.697" level="INFO">Page title is 'Register'.</msg>
<status status="PASS" starttime="20231120 16:03:04.694" endtime="20231120 16:03:04.697"/>
</kw>
<status status="PASS" starttime="20231120 16:03:04.694" endtime="20231120 16:03:04.697"/>
</kw>
<kw name="Page Should Contain" library="SeleniumLibrary">
<arg>${message}</arg>
<doc>Verifies that current page contains ``text``.</doc>
<msg timestamp="20231120 16:03:04.713" level="INFO">Current page contains text 'Invalid Password'.</msg>
<status status="PASS" starttime="20231120 16:03:04.697" endtime="20231120 16:03:04.713"/>
</kw>
<status status="PASS" starttime="20231120 16:03:04.694" endtime="20231120 16:03:04.713"/>
</kw>
<status status="PASS" starttime="20231120 16:03:04.518" endtime="20231120 16:03:04.713"/>
</test>
<test id="s1-t4" name="Register With Nonmatching Password And Password Confirmation" line="30">
<kw name="Create User And Go To Register Page" type="SETUP">
<kw name="Create User" library="AppLibrary">
<arg>kalle</arg>
<arg>kalle123</arg>
<status status="PASS" starttime="20231120 16:03:04.714" endtime="20231120 16:03:04.720"/>
</kw>
<kw name="Go To Register Page" library="resource">
<kw name="Go To" library="SeleniumLibrary">
<arg>${REGISTER_URL}</arg>
<doc>Navigates the current browser window to the provided ``url``.</doc>
<msg timestamp="20231120 16:03:04.721" level="INFO">Opening url 'http://localhost:5001/register'</msg>
<status status="PASS" starttime="20231120 16:03:04.721" endtime="20231120 16:03:04.731"/>
</kw>
<status status="PASS" starttime="20231120 16:03:04.721" endtime="20231120 16:03:04.731"/>
</kw>
<kw name="Register Page Should Be Open" library="resource">
<kw name="Title Should Be" library="SeleniumLibrary">
<arg>Register</arg>
<doc>Verifies that the current page title equals ``title``.</doc>
<msg timestamp="20231120 16:03:04.738" level="INFO">Page title is 'Register'.</msg>
<status status="PASS" starttime="20231120 16:03:04.732" endtime="20231120 16:03:04.738"/>
</kw>
<status status="PASS" starttime="20231120 16:03:04.731" endtime="20231120 16:03:04.738"/>
</kw>
<status status="PASS" starttime="20231120 16:03:04.713" endtime="20231120 16:03:04.738"/>
</kw>
<kw name="Set Username">
<arg>Pavel</arg>
<kw name="Input Text" library="SeleniumLibrary">
<arg>username</arg>
<arg>${username}</arg>
<doc>Types the given ``text`` into the text field identified by ``locator``.</doc>
<msg timestamp="20231120 16:03:04.739" level="INFO">Typing text 'Pavel' into text field 'username'.</msg>
<status status="PASS" starttime="20231120 16:03:04.739" endtime="20231120 16:03:04.780"/>
</kw>
<status status="PASS" starttime="20231120 16:03:04.739" endtime="20231120 16:03:04.780"/>
</kw>
<kw name="Set Password">
<arg>Pavel123</arg>
<kw name="Input Password" library="SeleniumLibrary">
<arg>password</arg>
<arg>${password}</arg>
<doc>Types the given password into the text field identified by ``locator``.</doc>
<msg timestamp="20231120 16:03:04.781" level="INFO">Typing password into text field 'password'.</msg>
<msg timestamp="20231120 16:03:04.802" level="INFO">Temporally setting log level to: NONE</msg>
<msg timestamp="20231120 16:03:04.823" level="INFO">Log level changed from NONE to INFO.</msg>
<status status="PASS" starttime="20231120 16:03:04.780" endtime="20231120 16:03:04.823"/>
</kw>
<status status="PASS" starttime="20231120 16:03:04.780" endtime="20231120 16:03:04.823"/>
</kw>
<kw name="Set Confirmation Password">
<arg>Pavel</arg>
<kw name="Input Text" library="SeleniumLibrary">
<arg>password_confirmation</arg>
<arg>${password_confirmation}</arg>
<doc>Types the given ``text`` into the text field identified by ``locator``.</doc>
<msg timestamp="20231120 16:03:04.824" level="INFO">Typing text 'Pavel' into text field 'password_confirmation'.</msg>
<status status="PASS" starttime="20231120 16:03:04.823" endtime="20231120 16:03:04.865"/>
</kw>
<status status="PASS" starttime="20231120 16:03:04.823" endtime="20231120 16:03:04.865"/>
</kw>
<kw name="Submit Credentials">
<kw name="Click Button" library="SeleniumLibrary">
<arg>Register</arg>
<doc>Clicks the button identified by ``locator``.</doc>
<msg timestamp="20231120 16:03:04.866" level="INFO">Clicking button 'Register'.</msg>
<status status="PASS" starttime="20231120 16:03:04.865" endtime="20231120 16:03:04.905"/>
</kw>
<status status="PASS" starttime="20231120 16:03:04.865" endtime="20231120 16:03:04.905"/>
</kw>
<kw name="Register Should Fail With Message">
<arg>Nonmatching Password And Password Confirmation</arg>
<kw name="Register Page Should Be Open" library="resource">
<kw name="Title Should Be" library="SeleniumLibrary">
<arg>Register</arg>
<doc>Verifies that the current page title equals ``title``.</doc>
<msg timestamp="20231120 16:03:04.908" level="INFO">Page title is 'Register'.</msg>
<status status="PASS" starttime="20231120 16:03:04.906" endtime="20231120 16:03:04.908"/>
</kw>
<status status="PASS" starttime="20231120 16:03:04.906" endtime="20231120 16:03:04.908"/>
</kw>
<kw name="Page Should Contain" library="SeleniumLibrary">
<arg>${message}</arg>
<doc>Verifies that current page contains ``text``.</doc>
<msg timestamp="20231120 16:03:04.921" level="INFO">Current page contains text 'Nonmatching Password And Password Confirmation'.</msg>
<status status="PASS" starttime="20231120 16:03:04.908" endtime="20231120 16:03:04.921"/>
</kw>
<status status="PASS" starttime="20231120 16:03:04.905" endtime="20231120 16:03:04.921"/>
</kw>
<status status="PASS" starttime="20231120 16:03:04.713" endtime="20231120 16:03:04.921"/>
</test>
<test id="s1-t5" name="Login After Successful Registration" line="37">
<kw name="Create User And Go To Register Page" type="SETUP">
<kw name="Create User" library="AppLibrary">
<arg>kalle</arg>
<arg>kalle123</arg>
<status status="PASS" starttime="20231120 16:03:04.922" endtime="20231120 16:03:04.928"/>
</kw>
<kw name="Go To Register Page" library="resource">
<kw name="Go To" library="SeleniumLibrary">
<arg>${REGISTER_URL}</arg>
<doc>Navigates the current browser window to the provided ``url``.</doc>
<msg timestamp="20231120 16:03:04.929" level="INFO">Opening url 'http://localhost:5001/register'</msg>
<status status="PASS" starttime="20231120 16:03:04.929" endtime="20231120 16:03:04.939"/>
</kw>
<status status="PASS" starttime="20231120 16:03:04.928" endtime="20231120 16:03:04.939"/>
</kw>
<kw name="Register Page Should Be Open" library="resource">
<kw name="Title Should Be" library="SeleniumLibrary">
<arg>Register</arg>
<doc>Verifies that the current page title equals ``title``.</doc>
<msg timestamp="20231120 16:03:04.941" level="INFO">Page title is 'Register'.</msg>
<status status="PASS" starttime="20231120 16:03:04.939" endtime="20231120 16:03:04.941"/>
</kw>
<status status="PASS" starttime="20231120 16:03:04.939" endtime="20231120 16:03:04.941"/>
</kw>
<status status="PASS" starttime="20231120 16:03:04.922" endtime="20231120 16:03:04.941"/>
</kw>
<kw name="Set Username">
<arg>Marko</arg>
<kw name="Input Text" library="SeleniumLibrary">
<arg>username</arg>
<arg>${username}</arg>
<doc>Types the given ``text`` into the text field identified by ``locator``.</doc>
<msg timestamp="20231120 16:03:04.942" level="INFO">Typing text 'Marko' into text field 'username'.</msg>
<status status="PASS" starttime="20231120 16:03:04.942" endtime="20231120 16:03:04.988"/>
</kw>
<status status="PASS" starttime="20231120 16:03:04.942" endtime="20231120 16:03:04.988"/>
</kw>
<kw name="Set Password">
<arg>Marko123</arg>
<kw name="Input Password" library="SeleniumLibrary">
<arg>password</arg>
<arg>${password}</arg>
<doc>Types the given password into the text field identified by ``locator``.</doc>
<msg timestamp="20231120 16:03:04.989" level="INFO">Typing password into text field 'password'.</msg>
<msg timestamp="20231120 16:03:05.010" level="INFO">Temporally setting log level to: NONE</msg>
<msg timestamp="20231120 16:03:05.039" level="INFO">Log level changed from NONE to INFO.</msg>
<status status="PASS" starttime="20231120 16:03:04.989" endtime="20231120 16:03:05.039"/>
</kw>
<status status="PASS" starttime="20231120 16:03:04.989" endtime="20231120 16:03:05.039"/>
</kw>
<kw name="Set Confirmation Password">
<arg>Marko123</arg>
<kw name="Input Text" library="SeleniumLibrary">
<arg>password_confirmation</arg>
<arg>${password_confirmation}</arg>
<doc>Types the given ``text`` into the text field identified by ``locator``.</doc>
<msg timestamp="20231120 16:03:05.040" level="INFO">Typing text 'Marko123' into text field 'password_confirmation'.</msg>
<status status="PASS" starttime="20231120 16:03:05.040" endtime="20231120 16:03:05.083"/>
</kw>
<status status="PASS" starttime="20231120 16:03:05.039" endtime="20231120 16:03:05.083"/>
</kw>
<kw name="Submit Credentials">
<kw name="Click Button" library="SeleniumLibrary">
<arg>Register</arg>
<doc>Clicks the button identified by ``locator``.</doc>
<msg timestamp="20231120 16:03:05.084" level="INFO">Clicking button 'Register'.</msg>
<status status="PASS" starttime="20231120 16:03:05.084" endtime="20231120 16:03:05.114"/>
</kw>
<status status="PASS" starttime="20231120 16:03:05.083" endtime="20231120 16:03:05.114"/>
</kw>
<kw name="Go To Login Page" library="resource">
<kw name="Go To" library="SeleniumLibrary">
<arg>${LOGIN_URL}</arg>
<doc>Navigates the current browser window to the provided ``url``.</doc>
<msg timestamp="20231120 16:03:05.116" level="INFO">Opening url 'http://localhost:5001/login'</msg>
<status status="PASS" starttime="20231120 16:03:05.115" endtime="20231120 16:03:05.125"/>
</kw>
<status status="PASS" starttime="20231120 16:03:05.115" endtime="20231120 16:03:05.125"/>
</kw>
<kw name="Set Username">
<arg>Marko</arg>
<kw name="Input Text" library="SeleniumLibrary">
<arg>username</arg>
<arg>${username}</arg>
<doc>Types the given ``text`` into the text field identified by ``locator``.</doc>
<msg timestamp="20231120 16:03:05.126" level="INFO">Typing text 'Marko' into text field 'username'.</msg>
<status status="PASS" starttime="20231120 16:03:05.126" endtime="20231120 16:03:05.168"/>
</kw>
<status status="PASS" starttime="20231120 16:03:05.125" endtime="20231120 16:03:05.168"/>
</kw>
<kw name="Set Password">
<arg>Marko123</arg>
<kw name="Input Password" library="SeleniumLibrary">
<arg>password</arg>
<arg>${password}</arg>
<doc>Types the given password into the text field identified by ``locator``.</doc>
<msg timestamp="20231120 16:03:05.169" level="INFO">Typing password into text field 'password'.</msg>
<msg timestamp="20231120 16:03:05.192" level="INFO">Temporally setting log level to: NONE</msg>
<msg timestamp="20231120 16:03:05.210" level="INFO">Log level changed from NONE to INFO.</msg>
<status status="PASS" starttime="20231120 16:03:05.169" endtime="20231120 16:03:05.210"/>
</kw>
<status status="PASS" starttime="20231120 16:03:05.168" endtime="20231120 16:03:05.210"/>
</kw>
<kw name="Submit Credentials2">
<kw name="Click Button" library="SeleniumLibrary">
<arg>Login</arg>
<doc>Clicks the button identified by ``locator``.</doc>
<msg timestamp="20231120 16:03:05.211" level="INFO">Clicking button 'Login'.</msg>
<status status="PASS" starttime="20231120 16:03:05.211" endtime="20231120 16:03:05.252"/>
</kw>
<status status="PASS" starttime="20231120 16:03:05.211" endtime="20231120 16:03:05.252"/>
</kw>
<kw name="Login Should Succeed">
<kw name="Main Page Should Be Open" library="resource">
<kw name="Title Should Be" library="SeleniumLibrary">
<arg>Ohtu Application main page</arg>
<doc>Verifies that the current page title equals ``title``.</doc>
<msg timestamp="20231120 16:03:05.257" level="INFO">Page title is 'Ohtu Application main page'.</msg>
<status status="PASS" starttime="20231120 16:03:05.253" endtime="20231120 16:03:05.257"/>
</kw>
<status status="PASS" starttime="20231120 16:03:05.252" endtime="20231120 16:03:05.257"/>
</kw>
<status status="PASS" starttime="20231120 16:03:05.252" endtime="20231120 16:03:05.257"/>
</kw>
<status status="PASS" starttime="20231120 16:03:04.921" endtime="20231120 16:03:05.257"/>
</test>
<test id="s1-t6" name="Login After Failed Registration" line="48">
<kw name="Create User And Go To Register Page" type="SETUP">
<kw name="Create User" library="AppLibrary">
<arg>kalle</arg>
<arg>kalle123</arg>
<status status="PASS" starttime="20231120 16:03:05.258" endtime="20231120 16:03:05.263"/>
</kw>
<kw name="Go To Register Page" library="resource">
<kw name="Go To" library="SeleniumLibrary">
<arg>${REGISTER_URL}</arg>
<doc>Navigates the current browser window to the provided ``url``.</doc>
<msg timestamp="20231120 16:03:05.264" level="INFO">Opening url 'http://localhost:5001/register'</msg>
<status status="PASS" starttime="20231120 16:03:05.263" endtime="20231120 16:03:05.273"/>
</kw>
<status status="PASS" starttime="20231120 16:03:05.263" endtime="20231120 16:03:05.273"/>
</kw>
<kw name="Register Page Should Be Open" library="resource">
<kw name="Title Should Be" library="SeleniumLibrary">
<arg>Register</arg>
<doc>Verifies that the current page title equals ``title``.</doc>
<msg timestamp="20231120 16:03:05.276" level="INFO">Page title is 'Register'.</msg>
<status status="PASS" starttime="20231120 16:03:05.273" endtime="20231120 16:03:05.276"/>
</kw>
<status status="PASS" starttime="20231120 16:03:05.273" endtime="20231120 16:03:05.276"/>
</kw>
<status status="PASS" starttime="20231120 16:03:05.258" endtime="20231120 16:03:05.276"/>
</kw>
<kw name="Set Username">
<arg>Darko</arg>
<kw name="Input Text" library="SeleniumLibrary">
<arg>username</arg>
<arg>${username}</arg>
<doc>Types the given ``text`` into the text field identified by ``locator``.</doc>
<msg timestamp="20231120 16:03:05.277" level="INFO">Typing text 'Darko' into text field 'username'.</msg>
<status status="PASS" starttime="20231120 16:03:05.277" endtime="20231120 16:03:05.319"/>
</kw>
<status status="PASS" starttime="20231120 16:03:05.277" endtime="20231120 16:03:05.319"/>
</kw>
<kw name="Set Password">
<arg>Darko123</arg>
<kw name="Input Password" library="SeleniumLibrary">
<arg>password</arg>
<arg>${password}</arg>
<doc>Types the given password into the text field identified by ``locator``.</doc>
<msg timestamp="20231120 16:03:05.321" level="INFO">Typing password into text field 'password'.</msg>
<msg timestamp="20231120 16:03:05.341" level="INFO">Temporally setting log level to: NONE</msg>
<msg timestamp="20231120 16:03:05.367" level="INFO">Log level changed from NONE to INFO.</msg>
<status status="PASS" starttime="20231120 16:03:05.320" endtime="20231120 16:03:05.367"/>
</kw>
<status status="PASS" starttime="20231120 16:03:05.320" endtime="20231120 16:03:05.367"/>
</kw>
<kw name="Set Confirmation Password">
<arg>Darko123</arg>
<kw name="Input Text" library="SeleniumLibrary">
<arg>password_confirmation</arg>
<arg>${password_confirmation}</arg>
<doc>Types the given ``text`` into the text field identified by ``locator``.</doc>
<msg timestamp="20231120 16:03:05.368" level="INFO">Typing text 'Darko123' into text field 'password_confirmation'.</msg>
<status status="PASS" starttime="20231120 16:03:05.367" endtime="20231120 16:03:05.410"/>
</kw>
<status status="PASS" starttime="20231120 16:03:05.367" endtime="20231120 16:03:05.410"/>
</kw>
<kw name="Submit Credentials">
<kw name="Click Button" library="SeleniumLibrary">
<arg>Register</arg>
<doc>Clicks the button identified by ``locator``.</doc>
<msg timestamp="20231120 16:03:05.411" level="INFO">Clicking button 'Register'.</msg>
<status status="PASS" starttime="20231120 16:03:05.410" endtime="20231120 16:03:05.449"/>
</kw>
<status status="PASS" starttime="20231120 16:03:05.410" endtime="20231120 16:03:05.449"/>
</kw>
<kw name="Go To Login Page" library="resource">
<kw name="Go To" library="SeleniumLibrary">
<arg>${LOGIN_URL}</arg>
<doc>Navigates the current browser window to the provided ``url``.</doc>
<msg timestamp="20231120 16:03:05.449" level="INFO">Opening url 'http://localhost:5001/login'</msg>
<status status="PASS" starttime="20231120 16:03:05.449" endtime="20231120 16:03:05.457"/>
</kw>
<status status="PASS" starttime="20231120 16:03:05.449" endtime="20231120 16:03:05.457"/>
</kw>
<kw name="Set Username">
<arg>Darko</arg>
<kw name="Input Text" library="SeleniumLibrary">
<arg>username</arg>
<arg>${username}</arg>
<doc>Types the given ``text`` into the text field identified by ``locator``.</doc>
<msg timestamp="20231120 16:03:05.458" level="INFO">Typing text 'Darko' into text field 'username'.</msg>
<status status="PASS" starttime="20231120 16:03:05.457" endtime="20231120 16:03:05.502"/>
</kw>
<status status="PASS" starttime="20231120 16:03:05.457" endtime="20231120 16:03:05.502"/>
</kw>
<kw name="Set Password">
<arg>Marko123</arg>
<kw name="Input Password" library="SeleniumLibrary">
<arg>password</arg>
<arg>${password}</arg>
<doc>Types the given password into the text field identified by ``locator``.</doc>
<msg timestamp="20231120 16:03:05.504" level="INFO">Typing password into text field 'password'.</msg>
<msg timestamp="20231120 16:03:05.520" level="INFO">Temporally setting log level to: NONE</msg>
<msg timestamp="20231120 16:03:05.546" level="INFO">Log level changed from NONE to INFO.</msg>
<status status="PASS" starttime="20231120 16:03:05.503" endtime="20231120 16:03:05.546"/>
</kw>
<status status="PASS" starttime="20231120 16:03:05.503" endtime="20231120 16:03:05.546"/>
</kw>
<kw name="Submit Credentials2">
<kw name="Click Button" library="SeleniumLibrary">
<arg>Login</arg>
<doc>Clicks the button identified by ``locator``.</doc>
<msg timestamp="20231120 16:03:05.547" level="INFO">Clicking button 'Login'.</msg>
<status status="PASS" starttime="20231120 16:03:05.546" endtime="20231120 16:03:05.585"/>
</kw>
<status status="PASS" starttime="20231120 16:03:05.546" endtime="20231120 16:03:05.585"/>
</kw>
<kw name="Login Should Fail With Message">
<arg>Invalid username or password</arg>
<kw name="Login Page Should Be Open" library="resource">
<kw name="Title Should Be" library="SeleniumLibrary">
<arg>Login</arg>
<doc>Verifies that the current page title equals ``title``.</doc>
<msg timestamp="20231120 16:03:05.588" level="INFO">Page title is 'Login'.</msg>
<status status="PASS" starttime="20231120 16:03:05.585" endtime="20231120 16:03:05.588"/>
</kw>
<status status="PASS" starttime="20231120 16:03:05.585" endtime="20231120 16:03:05.588"/>
</kw>
<kw name="Page Should Contain" library="SeleniumLibrary">
<arg>${message}</arg>
<doc>Verifies that current page contains ``text``.</doc>
<msg timestamp="20231120 16:03:05.597" level="INFO">Current page contains text 'Invalid username or password'.</msg>
<status status="PASS" starttime="20231120 16:03:05.588" endtime="20231120 16:03:05.597"/>
</kw>
<status status="PASS" starttime="20231120 16:03:05.585" endtime="20231120 16:03:05.597"/>
</kw>
<status status="PASS" starttime="20231120 16:03:05.257" endtime="20231120 16:03:05.597"/>
</test>
<kw name="Close Browser" library="SeleniumLibrary" type="TEARDOWN">
<doc>Closes the current browser.</doc>
<status status="PASS" starttime="20231120 16:03:05.597" endtime="20231120 16:03:05.654"/>
</kw>
<status status="PASS" starttime="20231120 16:03:03.318" endtime="20231120 16:03:05.654"/>
</suite>
<statistics>
<total>
<stat pass="6" fail="0" skip="0">All Tests</stat>
</total>
<tag>
</tag>
<suite>
<stat pass="6" fail="0" skip="0" id="s1" name="Register">Register</stat>
</suite>
</statistics>
<errors>
</errors>
</robot>
